<?xml version="1.0" encoding="UTF-8"?>
<!-- Generated by org.testng.reporters.JUnitReportReporter -->
<testsuite hostname="VikasRajputs-MacBook-Air.local" failures="0" tests="3" name="insuranceCalculation_Motorcycle.EndToEndTests_motorcycle" time="82.736" errors="0" timestamp="2025-02-05T10:34:57 IST" skipped="0">
  <testcase classname="insuranceCalculation_Motorcycle.EndToEndTests_motorcycle" name="insuranceCalculate" time="26.722"/>
  <system-out/>
  <testcase classname="insuranceCalculation_Motorcycle.EndToEndTests_motorcycle" name="insuranceCalculate" time="26.540"/>
  <system-out/>
  <testcase classname="insuranceCalculation_Motorcycle.EndToEndTests_motorcycle" name="insuranceCalculate" time="29.474"/>
  <system-out/>
</testsuite> <!-- insuranceCalculation_Motorcycle.EndToEndTests_motorcycle -->
